<?xml version="1.0" encoding="UTF-8"?>
<!-- Generated by org.testng.reporters.JUnitReportReporter -->
<testsuite hostname="LAPTOP-TT56SPU4" failures="0" tests="1" name="testScripts.CreateCategoryTest" time="8.803" errors="0" timestamp="2023-11-08T00:23:14 IST" skipped="0">
  <testcase classname="testScripts.CreateCategoryTest" name="createCategoryTest" time="8.803"/>
  <system-out/>
</testsuite> <!-- testScripts.CreateCategoryTest -->
